hi,2024-04-16
2024-04-16 start update
沪深A股| 1d | Price Data | 20240416-20240416 | Download Begin
沪深A股| 1d | Price Data | 20240416-20240416 | Download End, Cost Time =0:00:00.007999 
沪深A股| 1m | Price Data | 20240416-20240416 | Download Begin
沪深A股| 1m | Price Data | 20240416-20240416 | Download End, Cost Time =0:00:00.007004 
沪深A股| 5m | Price Data | 20240416-20240416 | Download Begin
沪深A股| 5m | Price Data | 20240416-20240416 | Download End, Cost Time =0:00:00.009000 
沪深A股| tick | Price Data | 20240416-20240416 | Download Begin
沪深A股| tick | Price Data | 20240416-20240416 | Download End, Cost Time =0:00:00.008999 
沪深A股| Financial Data | 20240416-20240416 | Download Begin
沪深A股 | Financial Data | 20240416-20240416 | Download End: Cost Time =0:03:42.433883 
[DAILY] ashare_1min_prices:func:requestFromCache, error:{ "error id" : 10054, "error" : "远程主机强迫关闭了一个现有的连接。", "isNetError" : true }
[DAILY] ashare_eod_prices:20240416数据未更新!
[DAILY] ashare_balance 20240416-20240416:未更新
[DAILY] ashare_cashflow:20240416-20240416 :未更新
[Daily] time range:20240416-20240416 Financial cashflow daily data:未更新
[DAILY] ashare_capital:module 'xtquant.xtdata' has no attribute 'get_ashare_list_in_sector'
[DAILY]successfully insert index_eod_prices,2024-04-16-2024-04-16,cost time = 0:00:36.393959,lens=0
[DAILY]index_weight:Excel file format cannot be determined, you must specify an engine manually.
[DAILY]sector_cons:HTTPSConnectionPool(host='q.10jqka.com.cn', port=443): Max retries exceeded with url: /gn/index/field/addtime/order/desc/page/2/ajax/1/ (Caused by SSLError(SSLEOFError(8, '[SSL: UNEXPECTED_EOF_WHILE_READING] EOF occurred in violation of protocol (_ssl.c:1006)')))
[ERROR]:HTTPSConnectionPool(host='q.10jqka.com.cn', port=443): Max retries exceeded with url: /gn/index/field/addtime/order/desc/page/1/ajax/1/ (Caused by SSLError(SSLEOFError(8, '[SSL: UNEXPECTED_EOF_WHILE_READING] EOF occurred in violation of protocol (_ssl.c:1006)')))
[DAILY] sw_indu_cons:HTTPSConnectionPool(host='www.swhyresearch.com', port=443): Max retries exceeded with url: /institute-sw/api/index_publish/details/component_stocks/?swindexcode=801110&page=1&page_size=10000 (Caused by SSLError(SSLEOFError(8, '[SSL: UNEXPECTED_EOF_WHILE_READING] EOF occurred in violation of protocol (_ssl.c:1006)')))
[DAILY] sw_indu_eod_prices:HTTPSConnectionPool(host='legulegu.com', port=443): Max retries exceeded with url: /stockdata/sw-industry-overview (Caused by SSLError(SSLEOFError(8, '[SSL: UNEXPECTED_EOF_WHILE_READING] EOF occurred in violation of protocol (_ssl.c:1006)')))
[DAILY] ashare_st:Expecting value: line 1 column 1 (char 0)
[DAILY]time range:2024-04-16 to 2024-04-16 new issue data:未更新
2024-04-16 update done!,cost time:0:08:55.932261
[DAILY] index_weight: 20240416 - 20240416 no data!
[DAILY] Successfully insert  ashare_st,20240416 ,cost: 0:00:39.369810
2024-04-16 start update
沪深A股| 1d | Price Data | 20240416-20240416 | Download Begin
沪深A股| 1d | Price Data | 20240416-20240416 | Download End, Cost Time =0:00:00.006000 
沪深A股| 1m | Price Data | 20240416-20240416 | Download Begin
沪深A股| 1m | Price Data | 20240416-20240416 | Download End, Cost Time =0:00:00.011004 
沪深A股| 5m | Price Data | 20240416-20240416 | Download Begin
沪深A股| 5m | Price Data | 20240416-20240416 | Download End, Cost Time =0:00:00.005000 
沪深A股| tick | Price Data | 20240416-20240416 | Download Begin
沪深A股| tick | Price Data | 20240416-20240416 | Download End, Cost Time =0:00:00.004000 
沪深A股| Financial Data | 20240416-20240416 | Download Begin
2024-04-16 start update
沪深A股| 1d | Price Data | 20240416-20240416 | Download Begin
沪深A股| 1d | Price Data | 20240416-20240416 | Download End, Cost Time =0:00:00.005004 
沪深A股| 1m | Price Data | 20240416-20240416 | Download Begin
沪深A股| 1m | Price Data | 20240416-20240416 | Download End, Cost Time =0:00:00.004998 
沪深A股| 5m | Price Data | 20240416-20240416 | Download Begin
沪深A股| 5m | Price Data | 20240416-20240416 | Download End, Cost Time =0:00:00.004001 
沪深A股| tick | Price Data | 20240416-20240416 | Download Begin
沪深A股| tick | Price Data | 20240416-20240416 | Download End, Cost Time =0:00:00.005000 
沪深A股| Financial Data | 20240416-20240416 | Download Begin
沪深A股 | Financial Data | 20240416-20240416 | Download End: Cost Time =0:06:46.981897 
[DAILY] ashare_1min:func:requestFromCache, error:{ "error id" : 10054, "error" : "远程主机强迫关闭了一个现有的连接。", "isNetError" : true }
[DAILY] ashare_eod_prices:20240416数据未更新!
[DAILY] ashare_balance 20240416-20240416:未更新
[DAILY] ashare_cashflow:20240416-20240416 :未更新
[DAILY] ashare_income: 20240416-20240416 未更新
[DAILY] successfully insert ashare_capital,20240416-20240416 ,cost: 0:00:02.674041,lens=14
[DAILY]successfully insert index_eod_prices,2024-04-16-2024-04-16,cost time = 0:00:04.815905,lens=10
[DAILY] index_weight: 20240416 - 20240416 no data!
概念板块成分股数据无更新！  2024-04-16 - 2024-04-16
[Error] 第0次尝试, 首发新股 未获取到行情数据,进行下一次尝试...
[Error] 第1次尝试, 首发新股 未获取到行情数据,进行下一次尝试...
[Error] 第2次尝试, 首发新股 未获取到行情数据,进行下一次尝试...
[Error] 第3次尝试, 首发新股 未获取到行情数据,进行下一次尝试...
[Error] 第4次尝试, 首发新股 未获取到行情数据,进行下一次尝试...
[Error] 第5次尝试, 首发新股 未获取到行情数据,进行下一次尝试...
[Error] 第6次尝试, 首发新股 未获取到行情数据,进行下一次尝试...
[Error] 第7次尝试, 首发新股 未获取到行情数据,进行下一次尝试...
[Error] 第8次尝试, 首发新股 未获取到行情数据,进行下一次尝试...
[Error] 第9次尝试, 首发新股 未获取到行情数据,进行下一次尝试...
[Error] 首发新股 未获取到行情数据
[DAILY] successfully inserted sector_eod_prices 2024-04-16-2024-04-16 data,cost: 0:32:51.770024
[DAILY] sw_indu_cons:2024-04-16-2024-04-16,no data!
[DAILY] successfully insert sw_indu_cons,2024-04-16-2024-04-16,cost time: 0:02:03.005163,lens=0
[DAILY] successfully insert sw_indu_eod_prices,2024-04-16-2024-04-16,cost time: 0:00:53.787261,lens=413
[DAILY] Successfully insert  ashare_st,20240416 ,cost: 0:00:00.031025
[DAILY]ashare_new_issue :2024-04-16 to 2024-04-16 未更新
2024-04-16 update done!,cost time:0:45:10.807840
沪深A股| Financial Data | 20100101- | Download Begin
沪深A股| 1d | Price Data | 20240416-20240416 | Download Begin
沪深A股| 1d | Price Data | 20240416-20240416 | Download Begin
沪深A股| 1d | Price Data | 20240416-20240416 | Download End, Cost Time =0:00:00.005000 
沪深A股| 1m | Price Data | 20240416-20240416 | Download Begin
沪深A股| 1m | Price Data | 20240416-20240416 | Download End, Cost Time =0:00:00.004002 
沪深A股| 5m | Price Data | 20240416-20240416 | Download Begin
沪深A股| 5m | Price Data | 20240416-20240416 | Download End, Cost Time =0:00:00.003999 
沪深A股| tick | Price Data | 20240416-20240416 | Download Begin
沪深A股| tick | Price Data | 20240416-20240416 | Download End, Cost Time =0:00:00.005000 
沪深A股| 1d | Price Data | 20240416-20240416 | Download Begin
沪深A股| 1d | Price Data | 20240416-20240416 | Download Begin
沪深A股| 1d | Price Data | 20240416-20240416 | Download End, Cost Time =0:02:29.706701 
沪深A股| 1m | Price Data | 20240416-20240416 | Download Begin
沪深A股| 1m | Price Data | 20240416-20240416 | Download Begin
Error download history Price Data!,download_history_data() takes from 0 to 1 positional arguments but 4 were given
沪深A股| tick | Price Data | 20240416-20240416 | Download Begin
Error download history Price Data!,download_history_data() takes from 0 to 1 positional arguments but 4 were given
沪深A股| 1m | Price Data | 20240416-20240416 | Download Begin
沪深A股| 1m | Price Data | 20240416-20240416 | Download Begin
沪深A股| 1m | Price Data | 20240416-20240416 | Download End, Cost Time =0:27:23.170477 
沪深A股| tick | Price Data | 20240416-20240416 | Download Begin
沪深A股| tick | Price Data | 20240416-20240416 | Download End, Cost Time =0:03:32.957227 
2024-04-16 start update
[DAILY] ashare_1min:func:requestFromCache, error:{ "error id" : 10054, "error" : "远程主机强迫关闭了一个现有的连接。", "isNetError" : true }
2024-04-16 start update
2024-04-16 start update
[DAILY] ashare_1min:(psycopg2.errors.UniqueViolation) 错误:  重复键违反唯一约束"ashare_1min_pkey"
DETAIL:  键值"("timestamp", ticker)=(2024-04-16 09:30:00, 601882.SH)" 已经存在

[SQL: INSERT INTO ashare_1min (timestamp, ticker, open_adj, high_adj, low_adj, close_adj, pre_close_adj, open, high, low, close, volume, amount, settlement_price, open_interest, pre_close, suspend_flag, datetime) VALUES (%(timestamp__0)s, %(ticker__0)s, %( ... 343882 characters truncated ... _price__999)s, %(open_interest__999)s, %(pre_close__999)s, %(suspend_flag__999)s, %(datetime__999)s)]
[parameters: {'pre_close_adj__0': 30.167, 'open__0': 28.650000000000002, 'low_adj__0': 29.987000000000002, 'open_adj__0': 29.987000000000002, 'ticker__0': '601882.SH', 'high_adj__0': 29.987000000000002, 'amount__0': 277905.0, 'suspend_flag__0': 0, 'datetime__0': datetime.datetime(2024, 4, 16, 0, 0), 'pre_close__0': 28.830000000000002, 'low__0': 28.650000000000002, 'close__0': 28.650000000000002, 'high__0': 28.650000000000002, 'close_adj__0': 29.987000000000002, 'volume__0': 97, 'settlement_price__0': 0.0, 'timestamp__0': datetime.datetime(2024, 4, 16, 9, 30), 'open_interest__0': 13, 'pre_close_adj__1': 29.987, 'open__1': 28.599999999999998, 'low_adj__1': 29.857, 'open_adj__1': 29.936999999999998, 'ticker__1': '601882.SH', 'high_adj__1': 30.157, 'amount__1': 2652160.0, 'suspend_flag__1': 0, 'datetime__1': datetime.datetime(2024, 4, 16, 0, 0), 'pre_close__1': 28.65, 'low__1': 28.52, 'close__1': 28.8, 'high__1': 28.82, 'close_adj__1': 30.137, 'volume__1': 926, 'settlement_price__1': 0.0, 'timestamp__1': datetime.datetime(2024, 4, 16, 9, 31), 'open_interest__1': 13, 'pre_close_adj__2': 30.137, 'open__2': 28.77, 'low_adj__2': 29.837, 'open_adj__2': 30.107, 'ticker__2': '601882.SH', 'high_adj__2': 30.107, 'amount__2': 941369.0, 'suspend_flag__2': 0, 'datetime__2': datetime.datetime(2024, 4, 16, 0, 0), 'pre_close__2': 28.8, 'low__2': 28.5, 'close__2': 28.5, 'high__2': 28.77, 'close_adj__2': 29.837 ... 17900 parameters truncated ... 'ticker__997': '600740.SH', 'high_adj__997': 60.89858000000002, 'amount__997': 1100541.0, 'suspend_flag__997': 0, 'datetime__997': datetime.datetime(2024, 4, 16, 0, 0), 'pre_close__997': 5.1, 'low__997': 5.09, 'close__997': 5.1, 'high__997': 5.1, 'close_adj__997': 60.89858000000002, 'volume__997': 2158, 'settlement_price__997': 0.0, 'timestamp__997': datetime.datetime(2024, 4, 16, 10, 3), 'open_interest__997': 13, 'pre_close_adj__998': 60.89858000000002, 'open__998': 5.1, 'low_adj__998': 60.78433600000002, 'open_adj__998': 60.89858000000002, 'ticker__998': '600740.SH', 'high_adj__998': 61.012824000000016, 'amount__998': 2717265.9999999995, 'suspend_flag__998': 0, 'datetime__998': datetime.datetime(2024, 4, 16, 0, 0), 'pre_close__998': 5.1, 'low__998': 5.09, 'close__998': 5.09, 'high__998': 5.109999999999999, 'close_adj__998': 60.78433600000002, 'volume__998': 5333, 'settlement_price__998': 0.0, 'timestamp__998': datetime.datetime(2024, 4, 16, 10, 4), 'open_interest__998': 13, 'pre_close_adj__999': 60.78433600000002, 'open__999': 5.09, 'low_adj__999': 60.67009200000002, 'open_adj__999': 60.78433600000002, 'ticker__999': '600740.SH', 'high_adj__999': 60.78433600000002, 'amount__999': 853047.0, 'suspend_flag__999': 0, 'datetime__999': datetime.datetime(2024, 4, 16, 0, 0), 'pre_close__999': 5.09, 'low__999': 5.08, 'close__999': 5.09, 'high__999': 5.09, 'close_adj__999': 60.78433600000002, 'volume__999': 1677, 'settlement_price__999': 0.0, 'timestamp__999': datetime.datetime(2024, 4, 16, 10, 5), 'open_interest__999': 13}]
(Background on this error at: https://sqlalche.me/e/20/gkpj)
[DAILY] ashare_eod_prices:'DataFrame' object has no attribute 'append'
2024-04-16 update done!,cost time:0:00:07.400198
2024-04-16 start update
[DAILY] ashare_1min:func:requestFromCache, error:{ "error id" : 10054, "error" : "远程主机强迫关闭了一个现有的连接。", "isNetError" : true }
[DAILY] ashare_eod_prices:20240416数据未更新!
2024-04-16 update done!,cost time:0:00:45.843211
2024-04-16 start update
[DAILY] ashare_1min:(psycopg2.errors.UniqueViolation) 错误:  重复键违反唯一约束"ashare_1min_pkey"
DETAIL:  键值"("timestamp", ticker)=(2024-04-16 09:30:00, 601882.SH)" 已经存在

[SQL: INSERT INTO ashare_1min (timestamp, ticker, open_adj, high_adj, low_adj, close_adj, pre_close_adj, open, high, low, close, volume, amount, settlement_price, open_interest, pre_close, suspend_flag, datetime) VALUES (%(timestamp__0)s, %(ticker__0)s, %( ... 343882 characters truncated ... _price__999)s, %(open_interest__999)s, %(pre_close__999)s, %(suspend_flag__999)s, %(datetime__999)s)]
[parameters: {'low_adj__0': 29.987000000000002, 'open__0': 28.650000000000002, 'pre_close__0': 28.830000000000002, 'settlement_price__0': 0.0, 'ticker__0': '601882.SH', 'low__0': 28.650000000000002, 'open_adj__0': 29.987000000000002, 'close__0': 28.650000000000002, 'volume__0': 97, 'open_interest__0': 13, 'timestamp__0': datetime.datetime(2024, 4, 16, 9, 30), 'suspend_flag__0': 0, 'pre_close_adj__0': 30.167, 'high__0': 28.650000000000002, 'amount__0': 277905.0, 'high_adj__0': 29.987000000000002, 'close_adj__0': 29.987000000000002, 'datetime__0': datetime.datetime(2024, 4, 16, 0, 0), 'low_adj__1': 29.857, 'open__1': 28.599999999999998, 'pre_close__1': 28.65, 'settlement_price__1': 0.0, 'ticker__1': '601882.SH', 'low__1': 28.52, 'open_adj__1': 29.936999999999998, 'close__1': 28.8, 'volume__1': 926, 'open_interest__1': 13, 'timestamp__1': datetime.datetime(2024, 4, 16, 9, 31), 'suspend_flag__1': 0, 'pre_close_adj__1': 29.987, 'high__1': 28.82, 'amount__1': 2652160.0, 'high_adj__1': 30.157, 'close_adj__1': 30.137, 'datetime__1': datetime.datetime(2024, 4, 16, 0, 0), 'low_adj__2': 29.837, 'open__2': 28.77, 'pre_close__2': 28.8, 'settlement_price__2': 0.0, 'ticker__2': '601882.SH', 'low__2': 28.5, 'open_adj__2': 30.107, 'close__2': 28.5, 'volume__2': 329, 'open_interest__2': 13, 'timestamp__2': datetime.datetime(2024, 4, 16, 9, 32), 'suspend_flag__2': 0, 'pre_close_adj__2': 30.137, 'high__2': 28.77 ... 17900 parameters truncated ... 'ticker__997': '600740.SH', 'low__997': 5.09, 'open_adj__997': 60.89858000000002, 'close__997': 5.1, 'volume__997': 2158, 'open_interest__997': 13, 'timestamp__997': datetime.datetime(2024, 4, 16, 10, 3), 'suspend_flag__997': 0, 'pre_close_adj__997': 60.89858000000002, 'high__997': 5.1, 'amount__997': 1100541.0, 'high_adj__997': 60.89858000000002, 'close_adj__997': 60.89858000000002, 'datetime__997': datetime.datetime(2024, 4, 16, 0, 0), 'low_adj__998': 60.78433600000002, 'open__998': 5.1, 'pre_close__998': 5.1, 'settlement_price__998': 0.0, 'ticker__998': '600740.SH', 'low__998': 5.09, 'open_adj__998': 60.89858000000002, 'close__998': 5.09, 'volume__998': 5333, 'open_interest__998': 13, 'timestamp__998': datetime.datetime(2024, 4, 16, 10, 4), 'suspend_flag__998': 0, 'pre_close_adj__998': 60.89858000000002, 'high__998': 5.109999999999999, 'amount__998': 2717265.9999999995, 'high_adj__998': 61.012824000000016, 'close_adj__998': 60.78433600000002, 'datetime__998': datetime.datetime(2024, 4, 16, 0, 0), 'low_adj__999': 60.67009200000002, 'open__999': 5.09, 'pre_close__999': 5.09, 'settlement_price__999': 0.0, 'ticker__999': '600740.SH', 'low__999': 5.08, 'open_adj__999': 60.78433600000002, 'close__999': 5.09, 'volume__999': 1677, 'open_interest__999': 13, 'timestamp__999': datetime.datetime(2024, 4, 16, 10, 5), 'suspend_flag__999': 0, 'pre_close_adj__999': 60.78433600000002, 'high__999': 5.09, 'amount__999': 853047.0, 'high_adj__999': 60.78433600000002, 'close_adj__999': 60.78433600000002, 'datetime__999': datetime.datetime(2024, 4, 16, 0, 0)}]
(Background on this error at: https://sqlalche.me/e/20/gkpj)
2024-04-16 start update
[ERROR] Failed to fetch data for ticker 689009.SH on date 20240416: No value to decode
[ERROR] Failed to fetch data for ticker 601568.SH on date 20240416: HTTPSConnectionPool(host='finance.sina.com.cn', port=443): Read timed out. (read timeout=None)
[DAILY] successfully inserted ashare_eod_prices, 20240416,cost: 0:09:43.942222, lens= 5116
2024-04-16 update done!,cost time:0:09:43.963237
[ERROR] Failed to fetch data for ticker 689009.SH on date 20240416: No value to decode
[ERROR] Failed to fetch data for ticker 689009.SH on date 20240416: No value to decode
[DAILY] ashare_eod_prices:'free_float_cap'
[DAILY] ashare_eod_prices:Index must be DatetimeIndex
[DAILY] ashare_eod_prices:'timestamp'
[DAILY] ashare_eod_prices:"['vwap'] not in index"
[ERROR] Failed to fetch data for ticker 689009.SH on date 20240416: No value to decode
[DAILY] successfully inserted ashare_eod_prices, 20240416,cost: 0:15:47.644943, lens= 5116
2024-04-17 start update
沪深A股| 1m | Price Data | 20240417-20240417 | Download Begin
沪深A股| 1m | Price Data | 20240417-20240417 | Download End, Cost Time =0:27:46.992385 
沪深A股| tick | Price Data | 20240417-20240417 | Download Begin
沪深A股| tick | Price Data | 20240417-20240417 | Download End, Cost Time =0:04:11.377476 
[DAILY] ashare_1min:func:requestFromCache, error:{ "ErrorID" : 200003, "ErrorMsg" : "timeout" }
[DAILY] ashare_1min:"['open_adj', 'high_adj', 'low_adj', 'close_adj', 'pre_close_adj'] not in index"
[DAILY] ashare_1min:'time'
[DAILY] successfully insert ashare_1min,20240417,cost: 0:01:27.181778
2024-04-17 start update
沪深A股| 1d | Price Data | 20240417-20240417 | Download Begin
沪深A股| 1d | Price Data | 20240417-20240417 | Download End, Cost Time =0:00:43.177382 
沪深A股| 1m | Price Data | 20240417-20240417 | Download Begin
沪深A股| 1m | Price Data | 20240417-20240417 | Download End, Cost Time =0:17:48.049292 
沪深A股| Financial Data | 20240417-20240417 | Download Begin
沪深A股 | Financial Data | 20240417-20240417 | Download End: Cost Time =0:09:43.370943 
[DAILY] ashare_1min:(psycopg2.errors.UniqueViolation) 错误:  重复键违反唯一约束"ashare_1min_pkey"
DETAIL:  键值"("timestamp", ticker)=(2024-04-17 09:30:00, 601882.SH)" 已经存在

[SQL: INSERT INTO ashare_1min (timestamp, open_adj, high_adj, low_adj, close_adj, pre_close_adj, open, high, low, close, volume, amount, settlement_price, open_interest, pre_close, suspend_flag, ticker, datetime) VALUES (%(timestamp__0)s, %(open_adj__0)s,  ... 343882 characters truncated ... open_interest__999)s, %(pre_close__999)s, %(suspend_flag__999)s, %(ticker__999)s, %(datetime__999)s)]
[parameters: {'low__0': 28.15, 'pre_close__0': 27.96, 'datetime__0': datetime.datetime(2024, 4, 17, 0, 0), 'settlement_price__0': 0.0, 'ticker__0': '601882.SH', 'amount__0': 1750930.0, 'close__0': 28.15, 'timestamp__0': datetime.datetime(2024, 4, 17, 9, 30), 'open__0': 28.15, 'high__0': 28.15, 'pre_close_adj__0': 29.297, 'low_adj__0': 29.487, 'close_adj__0': 29.487, 'volume__0': 622, 'suspend_flag__0': 0, 'open_adj__0': 29.487, 'open_interest__0': 13, 'high_adj__0': 29.487, 'low__1': 28.27, 'pre_close__1': 28.15, 'datetime__1': datetime.datetime(2024, 4, 17, 0, 0), 'settlement_price__1': 0.0, 'ticker__1': '601882.SH', 'amount__1': 2797581.0, 'close__1': 28.35, 'timestamp__1': datetime.datetime(2024, 4, 17, 9, 31), 'open__1': 28.27, 'high__1': 28.47, 'pre_close_adj__1': 29.487, 'low_adj__1': 29.607, 'close_adj__1': 29.687, 'volume__1': 986, 'suspend_flag__1': 0, 'open_adj__1': 29.607, 'open_interest__1': 13, 'high_adj__1': 29.807, 'low__2': 28.19, 'pre_close__2': 28.35, 'datetime__2': datetime.datetime(2024, 4, 17, 0, 0), 'settlement_price__2': 0.0, 'ticker__2': '601882.SH', 'amount__2': 1719691.0, 'close__2': 28.34, 'timestamp__2': datetime.datetime(2024, 4, 17, 9, 32), 'open__2': 28.34, 'high__2': 28.4, 'pre_close_adj__2': 29.687, 'low_adj__2': 29.527, 'close_adj__2': 29.677, 'volume__2': 608 ... 17900 parameters truncated ... 'ticker__997': '600740.SH', 'amount__997': 1248783.0, 'close__997': 5.01, 'timestamp__997': datetime.datetime(2024, 4, 17, 10, 3), 'open__997': 5.02, 'high__997': 5.02, 'pre_close_adj__997': 59.98462800000002, 'low_adj__997': 59.87038400000002, 'close_adj__997': 59.87038400000002, 'volume__997': 2488, 'suspend_flag__997': 0, 'open_adj__997': 59.98462800000002, 'open_interest__997': 13, 'high_adj__997': 59.98462800000002, 'low__998': 5.01, 'pre_close__998': 5.01, 'datetime__998': datetime.datetime(2024, 4, 17, 0, 0), 'settlement_price__998': 0.0, 'ticker__998': '600740.SH', 'amount__998': 114855.0, 'close__998': 5.01, 'timestamp__998': datetime.datetime(2024, 4, 17, 10, 4), 'open__998': 5.01, 'high__998': 5.02, 'pre_close_adj__998': 59.87038400000002, 'low_adj__998': 59.87038400000002, 'close_adj__998': 59.87038400000002, 'volume__998': 229, 'suspend_flag__998': 0, 'open_adj__998': 59.87038400000002, 'open_interest__998': 13, 'high_adj__998': 59.98462800000002, 'low__999': 5.01, 'pre_close__999': 5.01, 'datetime__999': datetime.datetime(2024, 4, 17, 0, 0), 'settlement_price__999': 0.0, 'ticker__999': '600740.SH', 'amount__999': 432483.0, 'close__999': 5.01, 'timestamp__999': datetime.datetime(2024, 4, 17, 10, 5), 'open__999': 5.02, 'high__999': 5.02, 'pre_close_adj__999': 59.87038400000002, 'low_adj__999': 59.87038400000002, 'close_adj__999': 59.87038400000002, 'volume__999': 863, 'suspend_flag__999': 0, 'open_adj__999': 59.98462800000002, 'open_interest__999': 13, 'high_adj__999': 59.98462800000002}]
(Background on this error at: https://sqlalche.me/e/20/gkpj)
[ERROR] Failed to fetch data for ticker 689009.SH on date 20240417: No value to decode
[DAILY] successfully inserted ashare_eod_prices, 20240417,cost: 0:16:00.896148, lens= 5116
[DAILY] ashare_balance 20240417-20240417:未更新
[DAILY] ashare_cashflow:20240417-20240417 :未更新
[DAILY] ashare_income: 20240417-20240417 未更新
[DAILY] successfully insert ashare_capital,20240417-20240417 ,cost: 0:00:02.728764,lens=13
[DAILY]successfully insert index_eod_prices,2024-04-17-2024-04-17,cost time = 0:00:04.771962,lens=10
[DAILY] index_weight: 20240417 - 20240417 no data!
概念板块成分股数据无更新！  2024-04-17 - 2024-04-17
[Error] 第0次尝试, 首发新股 未获取到行情数据,进行下一次尝试...
[Error] 第1次尝试, 首发新股 未获取到行情数据,进行下一次尝试...
[Error] 第2次尝试, 首发新股 未获取到行情数据,进行下一次尝试...
[Error] 第3次尝试, 首发新股 未获取到行情数据,进行下一次尝试...
[Error] 第4次尝试, 首发新股 未获取到行情数据,进行下一次尝试...
[Error] 第5次尝试, 首发新股 未获取到行情数据,进行下一次尝试...
[Error] 第6次尝试, 首发新股 未获取到行情数据,进行下一次尝试...
[Error] 第7次尝试, 首发新股 未获取到行情数据,进行下一次尝试...
[Error] 第8次尝试, 首发新股 未获取到行情数据,进行下一次尝试...
[Error] 第9次尝试, 首发新股 未获取到行情数据,进行下一次尝试...
[Error] 首发新股 未获取到行情数据
[DAILY] successfully inserted sector_eod_prices 2024-04-17-2024-04-17 data,cost: 0:33:43.755826,len=400
[DAILY] sw_indu_cons:2024-04-17-2024-04-17,no data!
[DAILY] successfully insert sw_indu_cons,2024-04-17-2024-04-17,cost time: 0:01:56.161225,lens=0
[DAILY] sw_indu_eod_prices 801113.SI 未获取到行情数据
[DAILY] sw_indu_eod_prices 801179.SI 未获取到行情数据
[DAILY] sw_indu_eod_prices 801114.SI 未获取到行情数据
[DAILY] sw_indu_eod_prices 801770.SI 未获取到行情数据
[DAILY] sw_indu_eod_prices 801010.SI 未获取到行情数据
[DAILY] sw_indu_eod_prices 801782.SI 未获取到行情数据
[DAILY] sw_indu_eod_prices 801991.SI 未获取到行情数据
[DAILY] sw_indu_eod_prices 801115.SI 未获取到行情数据
[DAILY] sw_indu_eod_prices 801950.SI 未获取到行情数据
[DAILY] sw_indu_eod_prices 801783.SI 未获取到行情数据
[DAILY] sw_indu_eod_prices 801992.SI 未获取到行情数据
[DAILY] sw_indu_eod_prices 801960.SI 未获取到行情数据
[DAILY] sw_indu_eod_prices 801784.SI 未获取到行情数据
[DAILY] sw_indu_eod_prices 801081.SI 未获取到行情数据
[DAILY] sw_indu_eod_prices 801180.SI 未获取到行情数据
[DAILY] sw_indu_eod_prices 801970.SI 未获取到行情数据
[DAILY] sw_indu_eod_prices 801785.SI 未获取到行情数据
[DAILY] sw_indu_eod_prices 801143.SI 未获取到行情数据
[DAILY] sw_indu_eod_prices 801181.SI 未获取到行情数据
[DAILY] sw_indu_eod_prices 801030.SI 未获取到行情数据
[DAILY] sw_indu_eod_prices 801083.SI 未获取到行情数据
[DAILY] sw_indu_eod_prices 801980.SI 未获取到行情数据
[DAILY] sw_indu_eod_prices 801116.SI 未获取到行情数据
[DAILY] sw_indu_eod_prices 801183.SI 未获取到行情数据
[DAILY] sw_indu_eod_prices 801193.SI 未获取到行情数据
[DAILY] sw_indu_eod_prices 801141.SI 未获取到行情数据
[DAILY] sw_indu_eod_prices 801040.SI 未获取到行情数据
[DAILY] sw_indu_eod_prices 801124.SI 未获取到行情数据
[DAILY] sw_indu_eod_prices 801125.SI 未获取到行情数据
[DAILY] sw_indu_eod_prices 801194.SI 未获取到行情数据
[DAILY] sw_indu_eod_prices 801200.SI 未获取到行情数据
[DAILY] sw_indu_eod_prices 801016.SI 未获取到行情数据
[DAILY] sw_indu_eod_prices 801084.SI 未获取到行情数据
[DAILY] sw_indu_eod_prices 801126.SI 未获取到行情数据
[DAILY] sw_indu_eod_prices 801050.SI 未获取到行情数据
[DAILY] sw_indu_eod_prices 801127.SI 未获取到行情数据
[DAILY] sw_indu_eod_prices 801191.SI 未获取到行情数据
[DAILY] sw_indu_eod_prices 801142.SI 未获取到行情数据
[DAILY] sw_indu_eod_prices 801128.SI 未获取到行情数据
[DAILY] sw_indu_eod_prices 801145.SI 未获取到行情数据
[DAILY] sw_indu_eod_prices 801082.SI 未获取到行情数据
[DAILY] sw_indu_eod_prices 801080.SI 未获取到行情数据
[DAILY] sw_indu_eod_prices 801202.SI 未获取到行情数据
[DAILY] sw_indu_eod_prices 801015.SI 未获取到行情数据
[DAILY] sw_indu_eod_prices 801129.SI 未获取到行情数据
[DAILY] sw_indu_eod_prices 801203.SI 未获取到行情数据
[DAILY] sw_indu_eod_prices 801880.SI 未获取到行情数据
[DAILY] sw_indu_eod_prices 801085.SI 未获取到行情数据
[DAILY] sw_indu_eod_prices 801210.SI 未获取到行情数据
[DAILY] sw_indu_eod_prices 801014.SI 未获取到行情数据
[DAILY] sw_indu_eod_prices 801131.SI 未获取到行情数据
[DAILY] sw_indu_eod_prices 801231.SI 未获取到行情数据
[DAILY] sw_indu_eod_prices 801086.SI 未获取到行情数据
[DAILY] sw_indu_eod_prices 801204.SI 未获取到行情数据
[DAILY] sw_indu_eod_prices 801151.SI 未获取到行情数据
[DAILY] sw_indu_eod_prices 801780.SI 未获取到行情数据
[DAILY] sw_indu_eod_prices 801110.SI 未获取到行情数据
[DAILY] sw_indu_eod_prices 801012.SI 未获取到行情数据
[DAILY] sw_indu_eod_prices 801206.SI 未获取到行情数据
[DAILY] sw_indu_eod_prices 801132.SI 未获取到行情数据
[DAILY] sw_indu_eod_prices 801093.SI 未获取到行情数据
[DAILY] sw_indu_eod_prices 801133.SI 未获取到行情数据
[DAILY] sw_indu_eod_prices 801218.SI 未获取到行情数据
[DAILY] sw_indu_eod_prices 801790.SI 未获取到行情数据
[DAILY] sw_indu_eod_prices 801155.SI 未获取到行情数据
[DAILY] sw_indu_eod_prices 801711.SI 未获取到行情数据
[DAILY] sw_indu_eod_prices 801017.SI 未获取到行情数据
[DAILY] sw_indu_eod_prices 801712.SI 未获取到行情数据
[DAILY] sw_indu_eod_prices 801018.SI 未获取到行情数据
[DAILY] sw_indu_eod_prices 801120.SI 未获取到行情数据
[DAILY] sw_indu_eod_prices 801152.SI 未获取到行情数据
[DAILY] sw_indu_eod_prices 801219.SI 未获取到行情数据
[DAILY] sw_indu_eod_prices 801723.SI 未获取到行情数据
[DAILY] sw_indu_eod_prices 801092.SI 未获取到行情数据
[DAILY] sw_indu_eod_prices 801713.SI 未获取到行情数据
[DAILY] sw_indu_eod_prices 801230.SI 未获取到行情数据
[DAILY] sw_indu_eod_prices 801033.SI 未获取到行情数据
[DAILY] sw_indu_eod_prices 801721.SI 未获取到行情数据
[DAILY] sw_indu_eod_prices 801881.SI 未获取到行情数据
[DAILY] sw_indu_eod_prices 801130.SI 未获取到行情数据
[DAILY] sw_indu_eod_prices 801724.SI 未获取到行情数据
[DAILY] sw_indu_eod_prices 801993.SI 未获取到行情数据
[DAILY] sw_indu_eod_prices 801095.SI 未获取到行情数据
[DAILY] sw_indu_eod_prices 801722.SI 未获取到行情数据
[DAILY] sw_indu_eod_prices 801994.SI 未获取到行情数据
[DAILY] sw_indu_eod_prices 801096.SI 未获取到行情数据
[DAILY] sw_indu_eod_prices 801726.SI 未获取到行情数据
[DAILY] sw_indu_eod_prices 801078.SI 未获取到行情数据
[DAILY] sw_indu_eod_prices 801769.SI 未获取到行情数据
[DAILY] sw_indu_eod_prices 801710.SI 未获取到行情数据
[DAILY] sw_indu_eod_prices 801154.SI 未获取到行情数据
[DAILY] sw_indu_eod_prices 801034.SI 未获取到行情数据
[DAILY] sw_indu_eod_prices 801995.SI 未获取到行情数据
[DAILY] sw_indu_eod_prices 801731.SI 未获取到行情数据
[DAILY] sw_indu_eod_prices 801720.SI 未获取到行情数据
[DAILY] sw_indu_eod_prices 801741.SI 未获取到行情数据
[DAILY] sw_indu_eod_prices 850113.SI 未获取到行情数据
[DAILY] sw_indu_eod_prices 801111.SI 未获取到行情数据
[DAILY] sw_indu_eod_prices 801733.SI 未获取到行情数据
[DAILY] sw_indu_eod_prices 801730.SI 未获取到行情数据
[DAILY] sw_indu_eod_prices 801735.SI 未获取到行情数据
[DAILY] sw_indu_eod_prices 801890.SI 未获取到行情数据
[DAILY] sw_indu_eod_prices 801736.SI 未获取到行情数据
[DAILY] sw_indu_eod_prices 801740.SI 未获取到行情数据
[DAILY] sw_indu_eod_prices 801742.SI 未获取到行情数据
[DAILY] sw_indu_eod_prices 801750.SI 未获取到行情数据
[DAILY] sw_indu_eod_prices 801140.SI 未获取到行情数据
[DAILY] sw_indu_eod_prices 801112.SI 未获取到行情数据
[DAILY] sw_indu_eod_prices 801737.SI 未获取到行情数据
[DAILY] sw_indu_eod_prices 801760.SI 未获取到行情数据
[DAILY] sw_indu_eod_prices 850326.SI 未获取到行情数据
[DAILY] sw_indu_eod_prices 801738.SI 未获取到行情数据
[DAILY] sw_indu_eod_prices 801223.SI 未获取到行情数据
[DAILY] sw_indu_eod_prices 850354.SI 未获取到行情数据
[DAILY] sw_indu_eod_prices 801743.SI 未获取到行情数据
[DAILY] sw_indu_eod_prices 850355.SI 未获取到行情数据
[DAILY] sw_indu_eod_prices 801744.SI 未获取到行情数据
[DAILY] sw_indu_eod_prices 801745.SI 未获取到行情数据
[DAILY] sw_indu_eod_prices 801072.SI 未获取到行情数据
[DAILY] sw_indu_eod_prices 801153.SI 未获取到行情数据
[DAILY] sw_indu_eod_prices 801102.SI 未获取到行情数据
[DAILY] sw_indu_eod_prices 850335.SI 未获取到行情数据
[DAILY] sw_indu_eod_prices 850122.SI 未获取到行情数据
[DAILY] sw_indu_eod_prices 850142.SI 未获取到行情数据
[DAILY] sw_indu_eod_prices 801150.SI 未获取到行情数据
[DAILY] sw_indu_eod_prices 850362.SI 未获取到行情数据
[DAILY] sw_indu_eod_prices 801951.SI 未获取到行情数据
[DAILY] sw_indu_eod_prices 801952.SI 未获取到行情数据
[DAILY] sw_indu_eod_prices 801962.SI 未获取到行情数据
[DAILY] sw_indu_eod_prices 850337.SI 未获取到行情数据
[DAILY] sw_indu_eod_prices 801963.SI 未获取到行情数据
[DAILY] sw_indu_eod_prices 801156.SI 未获取到行情数据
[DAILY] sw_indu_eod_prices 850151.SI 未获取到行情数据
[DAILY] sw_indu_eod_prices 850363.SI 未获取到行情数据
[DAILY] sw_indu_eod_prices 801160.SI 未获取到行情数据
[DAILY] sw_indu_eod_prices 850338.SI 未获取到行情数据
[DAILY] sw_indu_eod_prices 801971.SI 未获取到行情数据
[DAILY] sw_indu_eod_prices 801074.SI 未获取到行情数据
[DAILY] sw_indu_eod_prices 801161.SI 未获取到行情数据
[DAILY] sw_indu_eod_prices 801101.SI 未获取到行情数据
[DAILY] sw_indu_eod_prices 801972.SI 未获取到行情数据
[DAILY] sw_indu_eod_prices 801103.SI 未获取到行情数据
[DAILY] sw_indu_eod_prices 801076.SI 未获取到行情数据
[DAILY] sw_indu_eod_prices 801981.SI 未获取到行情数据
[DAILY] sw_indu_eod_prices 850331.SI 未获取到行情数据
[DAILY] sw_indu_eod_prices 801077.SI 未获取到行情数据
[DAILY] sw_indu_eod_prices 801982.SI 未获取到行情数据
[DAILY] sw_indu_eod_prices 850552.SI 未获取到行情数据
[DAILY] sw_indu_eod_prices 850339.SI 未获取到行情数据
[DAILY] sw_indu_eod_prices 801104.SI 未获取到行情数据
[DAILY] sw_indu_eod_prices 801163.SI 未获取到行情数据
[DAILY] sw_indu_eod_prices 850553.SI 未获取到行情数据
[DAILY] sw_indu_eod_prices 801764.SI 未获取到行情数据
[DAILY] sw_indu_eod_prices 801170.SI 未获取到行情数据
[DAILY] sw_indu_eod_prices 850152.SI 未获取到行情数据
[DAILY] sw_indu_eod_prices 850332.SI 未获取到行情数据
[DAILY] sw_indu_eod_prices 801765.SI 未获取到行情数据
[DAILY] sw_indu_eod_prices 850531.SI 未获取到行情数据
[DAILY] sw_indu_eod_prices 850154.SI 未获取到行情数据
[DAILY] sw_indu_eod_prices 850382.SI 未获取到行情数据
[DAILY] sw_indu_eod_prices 801766.SI 未获取到行情数据
[DAILY] sw_indu_eod_prices 850111.SI 未获取到行情数据
[DAILY] sw_indu_eod_prices 850832.SI 未获取到行情数据
[DAILY] sw_indu_eod_prices 801178.SI 未获取到行情数据
[DAILY] sw_indu_eod_prices 850172.SI 未获取到行情数据
[DAILY] sw_indu_eod_prices 850544.SI 未获取到行情数据
[DAILY] sw_indu_eod_prices 801767.SI 未获取到行情数据
[DAILY] sw_indu_eod_prices 850372.SI 未获取到行情数据
[DAILY] sw_indu_eod_prices 851246.SI 未获取到行情数据
[DAILY] sw_indu_eod_prices 850173.SI 未获取到行情数据
[DAILY] sw_indu_eod_prices 850135.SI 未获取到行情数据
[DAILY] sw_indu_eod_prices 851247.SI 未获取到行情数据
[DAILY] sw_indu_eod_prices 858811.SI 未获取到行情数据
[DAILY] sw_indu_eod_prices 850136.SI 未获取到行情数据
[DAILY] sw_indu_eod_prices 851316.SI 未获取到行情数据
[DAILY] sw_indu_eod_prices 850181.SI 未获取到行情数据
[DAILY] sw_indu_eod_prices 851251.SI 未获取到行情数据
[DAILY] sw_indu_eod_prices 858812.SI 未获取到行情数据
[DAILY] sw_indu_eod_prices 850952.SI 未获取到行情数据
[DAILY] sw_indu_eod_prices 850833.SI 未获取到行情数据
[DAILY] sw_indu_eod_prices 850333.SI 未获取到行情数据
[DAILY] sw_indu_eod_prices 850341.SI 未获取到行情数据
[DAILY] sw_indu_eod_prices 851325.SI 未获取到行情数据
[DAILY] sw_indu_eod_prices 850812.SI 未获取到行情数据
[DAILY] sw_indu_eod_prices 851232.SI 未获取到行情数据
[DAILY] sw_indu_eod_prices 851326.SI 未获取到行情数据
[DAILY] sw_indu_eod_prices 850343.SI 未获取到行情数据
[DAILY] sw_indu_eod_prices 851329.SI 未获取到行情数据
[DAILY] sw_indu_eod_prices 851331.SI 未获取到行情数据
[DAILY] sw_indu_eod_prices 850381.SI 未获取到行情数据
[DAILY] sw_indu_eod_prices 851412.SI 未获取到行情数据
[DAILY] sw_indu_eod_prices 850813.SI 未获取到行情数据
[DAILY] sw_indu_eod_prices 851413.SI 未获取到行情数据
[DAILY] sw_indu_eod_prices 850841.SI 未获取到行情数据
[DAILY] sw_indu_eod_prices 850322.SI 未获取到行情数据
[DAILY] sw_indu_eod_prices 850853.SI 未获取到行情数据
[DAILY] sw_indu_eod_prices 850814.SI 未获取到行情数据
[DAILY] sw_indu_eod_prices 850523.SI 未获取到行情数据
[DAILY] sw_indu_eod_prices 850815.SI 未获取到行情数据
[DAILY] sw_indu_eod_prices 850442.SI 未获取到行情数据
[DAILY] sw_indu_eod_prices 850854.SI 未获取到行情数据
[DAILY] sw_indu_eod_prices 850861.SI 未获取到行情数据
[DAILY] sw_indu_eod_prices 851233.SI 未获取到行情数据
[DAILY] sw_indu_eod_prices 850922.SI 未获取到行情数据
[DAILY] sw_indu_eod_prices 850912.SI 未获取到行情数据
[DAILY] sw_indu_eod_prices 851422.SI 未获取到行情数据
[DAILY] sw_indu_eod_prices 850817.SI 未获取到行情数据
[DAILY] sw_indu_eod_prices 851271.SI 未获取到行情数据
[DAILY] sw_indu_eod_prices 851423.SI 未获取到行情数据
[DAILY] sw_indu_eod_prices 851424.SI 未获取到行情数据
[DAILY] sw_indu_eod_prices 850818.SI 未获取到行情数据
[DAILY] sw_indu_eod_prices 850351.SI 未获取到行情数据
[DAILY] sw_indu_eod_prices 850923.SI 未获取到行情数据
[DAILY] sw_indu_eod_prices 851425.SI 未获取到行情数据
[DAILY] sw_indu_eod_prices 850521.SI 未获取到行情数据
[DAILY] sw_indu_eod_prices 851436.SI 未获取到行情数据
[DAILY] sw_indu_eod_prices 850924.SI 未获取到行情数据
[DAILY] sw_indu_eod_prices 850323.SI 未获取到行情数据
[DAILY] sw_indu_eod_prices 851243.SI 未获取到行情数据
[DAILY] sw_indu_eod_prices 850324.SI 未获取到行情数据
[DAILY] sw_indu_eod_prices 850925.SI 未获取到行情数据
[DAILY] sw_indu_eod_prices 851437.SI 未获取到行情数据
[DAILY] sw_indu_eod_prices 850522.SI 未获取到行情数据
[DAILY] sw_indu_eod_prices 851281.SI 未获取到行情数据
[DAILY] sw_indu_eod_prices 850353.SI 未获取到行情数据
[DAILY] sw_indu_eod_prices 851282.SI 未获取到行情数据
[DAILY] sw_indu_eod_prices 851533.SI 未获取到行情数据
[DAILY] sw_indu_eod_prices 850926.SI 未获取到行情数据
[DAILY] sw_indu_eod_prices 850551.SI 未获取到行情数据
[DAILY] sw_indu_eod_prices 850913.SI 未获取到行情数据
[DAILY] sw_indu_eod_prices 850325.SI 未获取到行情数据
[DAILY] sw_indu_eod_prices 851438.SI 未获取到行情数据
[DAILY] sw_indu_eod_prices 851242.SI 未获取到行情数据
[DAILY] sw_indu_eod_prices 850232.SI 未获取到行情数据
[DAILY] sw_indu_eod_prices 851534.SI 未获取到行情数据
[DAILY] sw_indu_eod_prices 851439.SI 未获取到行情数据
[DAILY] sw_indu_eod_prices 850822.SI 未获取到行情数据
[DAILY] sw_indu_eod_prices 850233.SI 未获取到行情数据
[DAILY] sw_indu_eod_prices 851784.SI 未获取到行情数据
[DAILY] sw_indu_eod_prices 851563.SI 未获取到行情数据
[DAILY] sw_indu_eod_prices 851785.SI 未获取到行情数据
[DAILY] sw_indu_eod_prices 851564.SI 未获取到行情数据
[DAILY] sw_indu_eod_prices 851491.SI 未获取到行情数据
[DAILY] sw_indu_eod_prices 851786.SI 未获取到行情数据
[DAILY] sw_indu_eod_prices 851831.SI 未获取到行情数据
[DAILY] sw_indu_eod_prices 851452.SI 未获取到行情数据
[DAILY] sw_indu_eod_prices 851112.SI 未获取到行情数据
[DAILY] sw_indu_eod_prices 850823.SI 未获取到行情数据
[DAILY] sw_indu_eod_prices 852112.SI 未获取到行情数据
[DAILY] sw_indu_eod_prices 851116.SI 未获取到行情数据
[DAILY] sw_indu_eod_prices 851511.SI 未获取到行情数据
[DAILY] sw_indu_eod_prices 851312.SI 未获取到行情数据
[DAILY] sw_indu_eod_prices 852021.SI 未获取到行情数据
[DAILY] sw_indu_eod_prices 851611.SI 未获取到行情数据
[DAILY] sw_indu_eod_prices 852131.SI 未获取到行情数据
[DAILY] sw_indu_eod_prices 851612.SI 未获取到行情数据
[DAILY] sw_indu_eod_prices 859852.SI 未获取到行情数据
[DAILY] sw_indu_eod_prices 857821.SI 未获取到行情数据
[DAILY] sw_indu_eod_prices 857831.SI 未获取到行情数据
[DAILY] sw_indu_eod_prices 850831.SI 未获取到行情数据
[DAILY] sw_indu_eod_prices 852031.SI 未获取到行情数据
[DAILY] sw_indu_eod_prices 857841.SI 未获取到行情数据
[DAILY] sw_indu_eod_prices 851314.SI 未获取到行情数据
[DAILY] sw_indu_eod_prices 857112.SI 未获取到行情数据
[DAILY] sw_indu_eod_prices 857851.SI 未获取到行情数据
[DAILY] sw_indu_eod_prices 851512.SI 未获取到行情数据
[DAILY] sw_indu_eod_prices 851614.SI 未获取到行情数据
[DAILY] sw_indu_eod_prices 852032.SI 未获取到行情数据
[DAILY] sw_indu_eod_prices 851122.SI 未获取到行情数据
[DAILY] sw_indu_eod_prices 851315.SI 未获取到行情数据
[DAILY] sw_indu_eod_prices 851616.SI 未获取到行情数据
[DAILY] sw_indu_eod_prices 851131.SI 未获取到行情数据
[DAILY] sw_indu_eod_prices 852033.SI 未获取到行情数据
[DAILY] sw_indu_eod_prices 851521.SI 未获取到行情数据
[DAILY] sw_indu_eod_prices 857121.SI 未获取到行情数据
[DAILY] sw_indu_eod_prices 857244.SI 未获取到行情数据
[DAILY] sw_indu_eod_prices 851617.SI 未获取到行情数据
[DAILY] sw_indu_eod_prices 852034.SI 未获取到行情数据
[DAILY] sw_indu_eod_prices 857261.SI 未获取到行情数据
[DAILY] sw_indu_eod_prices 851610.SI 未获取到行情数据
[DAILY] sw_indu_eod_prices 851931.SI 未获取到行情数据
[DAILY] sw_indu_eod_prices 851141.SI 未获取到行情数据
[DAILY] sw_indu_eod_prices 851522.SI 未获取到行情数据
[DAILY] sw_indu_eod_prices 852041.SI 未获取到行情数据
[DAILY] sw_indu_eod_prices 851151.SI 未获取到行情数据
[DAILY] sw_indu_eod_prices 851523.SI 未获取到行情数据
[DAILY] sw_indu_eod_prices 857122.SI 未获取到行情数据
[DAILY] sw_indu_eod_prices 851524.SI 未获取到行情数据
[DAILY] sw_indu_eod_prices 852062.SI 未获取到行情数据
[DAILY] sw_indu_eod_prices 851161.SI 未获取到行情数据
[DAILY] sw_indu_eod_prices 851542.SI 未获取到行情数据
[DAILY] sw_indu_eod_prices 851631.SI 未获取到行情数据
[DAILY] sw_indu_eod_prices 852063.SI 未获取到行情数据
[DAILY] sw_indu_eod_prices 850741.SI 未获取到行情数据
[DAILY] sw_indu_eod_prices 851782.SI 未获取到行情数据
[DAILY] sw_indu_eod_prices 852182.SI 未获取到行情数据
[DAILY] sw_indu_eod_prices 851543.SI 未获取到行情数据
[DAILY] sw_indu_eod_prices 851941.SI 未获取到行情数据
[DAILY] sw_indu_eod_prices 851783.SI 未获取到行情数据
[DAILY] sw_indu_eod_prices 852183.SI 未获取到行情数据
[DAILY] sw_indu_eod_prices 851922.SI 未获取到行情数据
[DAILY] sw_indu_eod_prices 857381.SI 未获取到行情数据
[DAILY] sw_indu_eod_prices 850615.SI 未获取到行情数据
[DAILY] sw_indu_eod_prices 851241.SI 未获取到行情数据
[DAILY] sw_indu_eod_prices 857334.SI 未获取到行情数据
[DAILY] sw_indu_eod_prices 850616.SI 未获取到行情数据
[DAILY] sw_indu_eod_prices 857382.SI 未获取到行情数据
[DAILY] sw_indu_eod_prices 851532.SI 未获取到行情数据
[DAILY] sw_indu_eod_prices 851927.SI 未获取到行情数据
[DAILY] sw_indu_eod_prices 857336.SI 未获取到行情数据
[DAILY] sw_indu_eod_prices 850721.SI 未获取到行情数据
[DAILY] sw_indu_eod_prices 857321.SI 未获取到行情数据
[DAILY] sw_indu_eod_prices 857352.SI 未获取到行情数据
[DAILY] sw_indu_eod_prices 850935.SI 未获取到行情数据
[DAILY] sw_indu_eod_prices 857354.SI 未获取到行情数据
[DAILY] sw_indu_eod_prices 857323.SI 未获取到行情数据
[DAILY] sw_indu_eod_prices 852121.SI 未获取到行情数据
[DAILY] sw_indu_eod_prices 857451.SI 未获取到行情数据
[DAILY] sw_indu_eod_prices 850726.SI 未获取到行情数据
[DAILY] sw_indu_eod_prices 857344.SI 未获取到行情数据
[DAILY] sw_indu_eod_prices 850702.SI 未获取到行情数据
[DAILY] sw_indu_eod_prices 850703.SI 未获取到行情数据
[DAILY] sw_indu_eod_prices 850614.SI 未获取到行情数据
[DAILY] sw_indu_eod_prices 857355.SI 未获取到行情数据
[DAILY] sw_indu_eod_prices 852111.SI 未获取到行情数据
[DAILY] sw_indu_eod_prices 857362.SI 未获取到行情数据
[DAILY] sw_indu_eod_prices 852311.SI 未获取到行情数据
[DAILY] sw_indu_eod_prices 852226.SI 未获取到行情数据
[DAILY] sw_indu_eod_prices 859951.SI 未获取到行情数据
[DAILY] sw_indu_eod_prices 857371.SI 未获取到行情数据
[DAILY] sw_indu_eod_prices 850727.SI 未获取到行情数据
[DAILY] sw_indu_eod_prices 850711.SI 未获取到行情数据
[DAILY] sw_indu_eod_prices 857111.SI 未获取到行情数据
[DAILY] sw_indu_eod_prices 851041.SI 未获取到行情数据
[DAILY] sw_indu_eod_prices 852213.SI 未获取到行情数据
[DAILY] sw_indu_eod_prices 857372.SI 未获取到行情数据
[DAILY] sw_indu_eod_prices 850936.SI 未获取到行情数据
[DAILY] sw_indu_eod_prices 852214.SI 未获取到行情数据
[DAILY] sw_indu_eod_prices 851042.SI 未获取到行情数据
[DAILY] sw_indu_eod_prices 857373.SI 未获取到行情数据
[DAILY] sw_indu_eod_prices 850623.SI 未获取到行情数据
[DAILY] sw_indu_eod_prices 859632.SI 未获取到行情数据
[DAILY] sw_indu_eod_prices 850771.SI 未获取到行情数据
[DAILY] sw_indu_eod_prices 851024.SI 未获取到行情数据
[DAILY] sw_indu_eod_prices 857641.SI 未获取到行情数据
[DAILY] sw_indu_eod_prices 857375.SI 未获取到行情数据
[DAILY] sw_indu_eod_prices 850713.SI 未获取到行情数据
[DAILY] sw_indu_eod_prices 859633.SI 未获取到行情数据
[DAILY] sw_indu_eod_prices 850772.SI 未获取到行情数据
[DAILY] sw_indu_eod_prices 851025.SI 未获取到行情数据
[DAILY] sw_indu_eod_prices 857221.SI 未获取到行情数据
[DAILY] sw_indu_eod_prices 857651.SI 未获取到行情数据
[DAILY] sw_indu_eod_prices 850781.SI 未获取到行情数据
[DAILY] sw_indu_eod_prices 859711.SI 未获取到行情数据
[DAILY] sw_indu_eod_prices 851026.SI 未获取到行情数据
[DAILY] sw_indu_eod_prices 857236.SI 未获取到行情数据
[DAILY] sw_indu_eod_prices 850782.SI 未获取到行情数据
[DAILY] sw_indu_eod_prices 850715.SI 未获取到行情数据
[DAILY] sw_indu_eod_prices 859712.SI 未获取到行情数据
[DAILY] sw_indu_eod_prices 851027.SI 未获取到行情数据
[DAILY] sw_indu_eod_prices 857661.SI 未获取到行情数据
[DAILY] sw_indu_eod_prices 850783.SI 未获取到行情数据
[DAILY] sw_indu_eod_prices 857674.SI 未获取到行情数据
[DAILY] sw_indu_eod_prices 859713.SI 未获取到行情数据
[DAILY] sw_indu_eod_prices 859511.SI 未获取到行情数据
[DAILY] sw_indu_eod_prices 851787.SI 未获取到行情数据
[DAILY] sw_indu_eod_prices 850716.SI 未获取到行情数据
[DAILY] sw_indu_eod_prices 857691.SI 未获取到行情数据
[DAILY] sw_indu_eod_prices 850784.SI 未获取到行情数据
[DAILY] sw_indu_eod_prices 859714.SI 未获取到行情数据
[DAILY] sw_indu_eod_prices 859512.SI 未获取到行情数据
[DAILY] sw_indu_eod_prices 857692.SI 未获取到行情数据
[DAILY] sw_indu_eod_prices 859521.SI 未获取到行情数据
[DAILY] sw_indu_eod_prices 851731.SI 未获取到行情数据
[DAILY] sw_indu_eod_prices 859721.SI 未获取到行情数据
[DAILY] sw_indu_eod_prices 859621.SI 未获取到行情数据
[DAILY] sw_indu_eod_prices 857251.SI 未获取到行情数据
[DAILY] sw_indu_eod_prices 859811.SI 未获取到行情数据
[DAILY] sw_indu_eod_prices 857241.SI 未获取到行情数据
[DAILY] sw_indu_eod_prices 859821.SI 未获取到行情数据
[DAILY] sw_indu_eod_prices 859622.SI 未获取到行情数据
[DAILY] sw_indu_eod_prices 850731.SI 未获取到行情数据
[DAILY] sw_indu_eod_prices 857411.SI 未获取到行情数据
[DAILY] sw_indu_eod_prices 859631.SI 未获取到行情数据
[DAILY] sw_indu_eod_prices 859822.SI 未获取到行情数据
[DAILY] sw_indu_eod_prices 857421.SI 未获取到行情数据
[DAILY] sw_indu_eod_prices 857242.SI 未获取到行情数据
[DAILY] sw_indu_eod_prices 850751.SI 未获取到行情数据
[DAILY] sw_indu_eod_prices 857431.SI 未获取到行情数据
[DAILY] sw_indu_eod_prices 857243.SI 未获取到行情数据
[DAILY] sw_indu_eod_prices 851721.SI 未获取到行情数据
[DAILY] sw_indu_eod_prices 850725.SI 未获取到行情数据
[DAILY] sw_indu_eod_prices 851771.SI 未获取到行情数据
[DAILY] sw_indu_eod_prices 850728.SI 未获取到行情数据
[DAILY] sw_indu_eod_prices 851741.SI 未获取到行情数据
[DAILY] sw_indu_eod_prices 851761.SI 未获取到行情数据
[DAILY] sw_indu_eod_prices 851711.SI 未获取到行情数据
[DAILY] sw_indu_eod_prices 851811.SI 未获取到行情数据
[DAILY] sw_indu_eod_prices 851812.SI 未获取到行情数据
[DAILY] sw_indu_eod_prices 851813.SI 未获取到行情数据
[DAILY] sw_indu_eod_prices:Expecting value: line 2 column 1 (char 1)
[DAILY] Successfully insert  ashare_st,20240417 ,cost: 0:00:00.035662,lens=114
[DAILY]ashare_new_issue :2024-04-17 to 2024-04-17 未更新
2024-04-17 update done!,cost time:1:24:19.713577
[DAILY] sw_indu_eod_prices 801179.SI 未获取到行情数据
[DAILY] sw_indu_eod_prices 801113.SI 未获取到行情数据
[DAILY] sw_indu_eod_prices 801770.SI 未获取到行情数据
[DAILY] sw_indu_eod_prices 801991.SI 未获取到行情数据
[DAILY] sw_indu_eod_prices 801143.SI 未获取到行情数据
[DAILY] sw_indu_eod_prices 801950.SI 未获取到行情数据
[DAILY] sw_indu_eod_prices 801114.SI 未获取到行情数据
[DAILY] sw_indu_eod_prices 801081.SI 未获取到行情数据
[DAILY] sw_indu_eod_prices 801960.SI 未获取到行情数据
[DAILY] sw_indu_eod_prices 801115.SI 未获取到行情数据
[DAILY] sw_indu_eod_prices 801032.SI 未获取到行情数据
[DAILY] sw_indu_eod_prices 801116.SI 未获取到行情数据
[DAILY] sw_indu_eod_prices 801010.SI 未获取到行情数据
[DAILY] sw_indu_eod_prices 801970.SI 未获取到行情数据
[DAILY] sw_indu_eod_prices 801180.SI 未获取到行情数据
[DAILY] sw_indu_eod_prices 801980.SI 未获取到行情数据
[DAILY] sw_indu_eod_prices 801992.SI 未获取到行情数据
[DAILY] sw_indu_eod_prices 801141.SI 未获取到行情数据
[DAILY] sw_indu_eod_prices 801083.SI 未获取到行情数据
[DAILY] sw_indu_eod_prices 801124.SI 未获取到行情数据
[DAILY] sw_indu_eod_prices 801125.SI 未获取到行情数据
[DAILY] sw_indu_eod_prices 801181.SI 未获取到行情数据
[DAILY] sw_indu_eod_prices 801142.SI 未获取到行情数据
[DAILY] sw_indu_eod_prices 801036.SI 未获取到行情数据
[DAILY] sw_indu_eod_prices 801126.SI 未获取到行情数据
[DAILY] sw_indu_eod_prices 801200.SI 未获取到行情数据
[DAILY] sw_indu_eod_prices 801016.SI 未获取到行情数据
[DAILY] sw_indu_eod_prices 801030.SI 未获取到行情数据
[DAILY] sw_indu_eod_prices 801145.SI 未获取到行情数据
[DAILY] sw_indu_eod_prices 801127.SI 未获取到行情数据
[DAILY] sw_indu_eod_prices 801183.SI 未获取到行情数据
[DAILY] sw_indu_eod_prices 801128.SI 未获取到行情数据
[DAILY] sw_indu_eod_prices 801084.SI 未获取到行情数据
[DAILY] sw_indu_eod_prices 801210.SI 未获取到行情数据
[DAILY] sw_indu_eod_prices 801129.SI 未获取到行情数据
[DAILY] sw_indu_eod_prices 801151.SI 未获取到行情数据
[DAILY] sw_indu_eod_prices 801780.SI 未获取到行情数据
[DAILY] sw_indu_eod_prices 801202.SI 未获取到行情数据
[DAILY] sw_indu_eod_prices 801131.SI 未获取到行情数据
[DAILY] sw_indu_eod_prices 801082.SI 未获取到行情数据
[DAILY] sw_indu_eod_prices 801203.SI 未获取到行情数据
[DAILY] sw_indu_eod_prices 801155.SI 未获取到行情数据
[DAILY] sw_indu_eod_prices 801790.SI 未获取到行情数据
[DAILY] sw_indu_eod_prices 801015.SI 未获取到行情数据
[DAILY] sw_indu_eod_prices 801040.SI 未获取到行情数据
[DAILY] sw_indu_eod_prices 801037.SI 未获取到行情数据
[DAILY] sw_indu_eod_prices 801152.SI 未获取到行情数据
[DAILY] sw_indu_eod_prices 801038.SI 未获取到行情数据
[DAILY] sw_indu_eod_prices 801204.SI 未获取到行情数据
[DAILY] sw_indu_eod_prices 801085.SI 未获取到行情数据
[DAILY] sw_indu_eod_prices 801039.SI 未获取到行情数据
[DAILY] sw_indu_eod_prices 801230.SI 未获取到行情数据
[DAILY] sw_indu_eod_prices 801206.SI 未获取到行情数据
[DAILY] sw_indu_eod_prices 801014.SI 未获取到行情数据
[DAILY] sw_indu_eod_prices 801086.SI 未获取到行情数据
[DAILY] sw_indu_eod_prices 801154.SI 未获取到行情数据
[DAILY] sw_indu_eod_prices 801050.SI 未获取到行情数据
[DAILY] sw_indu_eod_prices 801043.SI 未获取到行情数据
[DAILY] sw_indu_eod_prices 801218.SI 未获取到行情数据
[DAILY] sw_indu_eod_prices 801132.SI 未获取到行情数据
[DAILY] sw_indu_eod_prices 801219.SI 未获取到行情数据
[DAILY] sw_indu_eod_prices 801044.SI 未获取到行情数据
[DAILY] sw_indu_eod_prices 801710.SI 未获取到行情数据
[DAILY] sw_indu_eod_prices 801133.SI 未获取到行情数据
[DAILY] sw_indu_eod_prices 801080.SI 未获取到行情数据
[DAILY] sw_indu_eod_prices 801993.SI 未获取到行情数据
[DAILY] sw_indu_eod_prices 801045.SI 未获取到行情数据
[DAILY] sw_indu_eod_prices 801782.SI 未获取到行情数据
[DAILY] sw_indu_eod_prices 801720.SI 未获取到行情数据
[DAILY] sw_indu_eod_prices 801880.SI 未获取到行情数据
[DAILY] sw_indu_eod_prices 801994.SI 未获取到行情数据
[DAILY] sw_indu_eod_prices 801783.SI 未获取到行情数据
[DAILY] sw_indu_eod_prices 801730.SI 未获取到行情数据
[DAILY] sw_indu_eod_prices 801784.SI 未获取到行情数据
[DAILY] sw_indu_eod_prices 801110.SI 未获取到行情数据
[DAILY] sw_indu_eod_prices 801723.SI 未获取到行情数据
[DAILY] sw_indu_eod_prices 801051.SI 未获取到行情数据
[DAILY] sw_indu_eod_prices 801890.SI 未获取到行情数据
[DAILY] sw_indu_eod_prices 801785.SI 未获取到行情数据
[DAILY] sw_indu_eod_prices 801724.SI 未获取到行情数据
[DAILY] sw_indu_eod_prices 801012.SI 未获取到行情数据
[DAILY] sw_indu_eod_prices 801153.SI 未获取到行情数据
[DAILY] sw_indu_eod_prices 801120.SI 未获取到行情数据
[DAILY] sw_indu_eod_prices 801740.SI 未获取到行情数据
[DAILY] sw_indu_eod_prices 801055.SI 未获取到行情数据
[DAILY] sw_indu_eod_prices 801093.SI 未获取到行情数据
[DAILY] sw_indu_eod_prices 801726.SI 未获取到行情数据
[DAILY] sw_indu_eod_prices 801130.SI 未获取到行情数据
[DAILY] sw_indu_eod_prices 801193.SI 未获取到行情数据
[DAILY] sw_indu_eod_prices 801750.SI 未获取到行情数据
[DAILY] sw_indu_eod_prices 801731.SI 未获取到行情数据
[DAILY] sw_indu_eod_prices 801017.SI 未获取到行情数据
[DAILY] sw_indu_eod_prices 801733.SI 未获取到行情数据
[DAILY] sw_indu_eod_prices 801156.SI 未获取到行情数据
[DAILY] sw_indu_eod_prices 801053.SI 未获取到行情数据
[DAILY] sw_indu_eod_prices 801735.SI 未获取到行情数据
[DAILY] sw_indu_eod_prices 801736.SI 未获取到行情数据
[DAILY] sw_indu_eod_prices 801161.SI 未获取到行情数据
[DAILY] sw_indu_eod_prices 801054.SI 未获取到行情数据
[DAILY] sw_indu_eod_prices 801760.SI 未获取到行情数据
[DAILY] sw_indu_eod_prices 801092.SI 未获取到行情数据
[DAILY] sw_indu_eod_prices 801018.SI 未获取到行情数据
[DAILY] sw_indu_eod_prices 801194.SI 未获取到行情数据
[DAILY] sw_indu_eod_prices 801737.SI 未获取到行情数据
[DAILY] sw_indu_eod_prices 801078.SI 未获取到行情数据
[DAILY] sw_indu_eod_prices 801056.SI 未获取到行情数据
[DAILY] sw_indu_eod_prices 801881.SI 未获取到行情数据
[DAILY] sw_indu_eod_prices 801738.SI 未获取到行情数据
[DAILY] sw_indu_eod_prices 801140.SI 未获取到行情数据
[DAILY] sw_indu_eod_prices 801191.SI 未获取到行情数据
[DAILY] sw_indu_eod_prices 801769.SI 未获取到行情数据
[DAILY] sw_indu_eod_prices 801095.SI 未获取到行情数据
[DAILY] sw_indu_eod_prices 801150.SI 未获取到行情数据
[DAILY] sw_indu_eod_prices 801096.SI 未获取到行情数据
[DAILY] sw_indu_eod_prices 801995.SI 未获取到行情数据
[DAILY] sw_indu_eod_prices 801741.SI 未获取到行情数据
[DAILY] sw_indu_eod_prices 801072.SI 未获取到行情数据
[DAILY] sw_indu_eod_prices 801033.SI 未获取到行情数据
[DAILY] sw_indu_eod_prices 801742.SI 未获取到行情数据
[DAILY] sw_indu_eod_prices 801163.SI 未获取到行情数据
[DAILY] sw_indu_eod_prices 801034.SI 未获取到行情数据
[DAILY] sw_indu_eod_prices 801743.SI 未获取到行情数据
[DAILY] sw_indu_eod_prices 801178.SI 未获取到行情数据
[DAILY] sw_indu_eod_prices 801231.SI 未获取到行情数据
[DAILY] sw_indu_eod_prices 850326.SI 未获取到行情数据
[DAILY] sw_indu_eod_prices 801744.SI 未获取到行情数据
[DAILY] sw_indu_eod_prices 801160.SI 未获取到行情数据
[DAILY] sw_indu_eod_prices 801711.SI 未获取到行情数据
[DAILY] sw_indu_eod_prices 801745.SI 未获取到行情数据
[DAILY] sw_indu_eod_prices 850335.SI 未获取到行情数据
[DAILY] sw_indu_eod_prices 801111.SI 未获取到行情数据
[DAILY] sw_indu_eod_prices 850337.SI 未获取到行情数据
[DAILY] sw_indu_eod_prices 801712.SI 未获取到行情数据
[DAILY] sw_indu_eod_prices 801223.SI 未获取到行情数据
[DAILY] sw_indu_eod_prices 850113.SI 未获取到行情数据
[DAILY] sw_indu_eod_prices 801112.SI 未获取到行情数据
[DAILY] sw_indu_eod_prices 801074.SI 未获取到行情数据
[DAILY] sw_indu_eod_prices 801101.SI 未获取到行情数据
[DAILY] sw_indu_eod_prices 801170.SI 未获取到行情数据
[DAILY] sw_indu_eod_prices 801713.SI 未获取到行情数据
[DAILY] sw_indu_eod_prices 850354.SI 未获取到行情数据
[DAILY] sw_indu_eod_prices 850338.SI 未获取到行情数据
[DAILY] sw_indu_eod_prices 850122.SI 未获取到行情数据
[DAILY] sw_indu_eod_prices 801102.SI 未获取到行情数据
[DAILY] sw_indu_eod_prices 801076.SI 未获取到行情数据
[DAILY] sw_indu_eod_prices 801721.SI 未获取到行情数据
[DAILY] sw_indu_eod_prices 801103.SI 未获取到行情数据
[DAILY] sw_indu_eod_prices 801077.SI 未获取到行情数据
[DAILY] sw_indu_eod_prices 850142.SI 未获取到行情数据
[DAILY] sw_indu_eod_prices 850355.SI 未获取到行情数据
[DAILY] sw_indu_eod_prices 801104.SI 未获取到行情数据
[DAILY] sw_indu_eod_prices 850552.SI 未获取到行情数据
[DAILY] sw_indu_eod_prices 801722.SI 未获取到行情数据
[DAILY] sw_indu_eod_prices 801951.SI 未获取到行情数据
[DAILY] sw_indu_eod_prices 850339.SI 未获取到行情数据
[DAILY] sw_indu_eod_prices 850832.SI 未获取到行情数据
[DAILY] sw_indu_eod_prices 801764.SI 未获取到行情数据
[DAILY] sw_indu_eod_prices 858811.SI 未获取到行情数据
[DAILY] sw_indu_eod_prices 801765.SI 未获取到行情数据
[DAILY] sw_indu_eod_prices 801952.SI 未获取到行情数据
[DAILY] sw_indu_eod_prices 850553.SI 未获取到行情数据
[DAILY] sw_indu_eod_prices 858812.SI 未获取到行情数据
[DAILY] sw_indu_eod_prices 850382.SI 未获取到行情数据
[DAILY] sw_indu_eod_prices 850362.SI 未获取到行情数据
[DAILY] sw_indu_eod_prices 850833.SI 未获取到行情数据
[DAILY] sw_indu_eod_prices 801962.SI 未获取到行情数据
[DAILY] sw_indu_eod_prices 850952.SI 未获取到行情数据
[DAILY] sw_indu_eod_prices 801766.SI 未获取到行情数据
[DAILY] sw_indu_eod_prices 850531.SI 未获取到行情数据
[DAILY] sw_indu_eod_prices 850151.SI 未获取到行情数据
[DAILY] sw_indu_eod_prices 850363.SI 未获取到行情数据
[DAILY] sw_indu_eod_prices 801963.SI 未获取到行情数据
[DAILY] sw_indu_eod_prices 850372.SI 未获取到行情数据
[DAILY] sw_indu_eod_prices 801767.SI 未获取到行情数据
[DAILY] sw_indu_eod_prices 801180.SI 未获取到行情数据
[DAILY] successfully insert sw_indu_eod_prices,2024-04-17-2024-04-17,cost time: 0:01:01.490151,lens=413
[DAILY] sw_indu_eod_prices:Expecting value: line 1 column 1 (char 0)
[DAILY] sw_indu_eod_prices:'str' object has no attribute 'capabilities'
[DAILY] sw_indu_eod_prices:not all arguments converted during string formatting
[DAILY] sw_indu_eod_prices:not all arguments converted during string formatting
[DAILY] sw_indu_eod_prices:(psycopg2.errors.UndefinedColumn) 错误:  关系 "sw_indu_eod_prices" 的 "index_code" 字段不存在
LINE 1: INSERT INTO sw_indu_eod_prices (index_code, indu_name, datet...
                                        ^

[SQL: INSERT INTO sw_indu_eod_prices (index_code, indu_name, datetime, open, high, low, close, volume, amount, pct_change) VALUES (%(index_code__0)s, %(indu_name__0)s, %(datetime__0)s, %(open__0)s, %(high__0)s, %(low__0)s, %(close__0)s, %(volume__0)s, %(am ... 27346 characters truncated ...  %(high__161)s, %(low__161)s, %(close__161)s, %(volume__161)s, %(amount__161)s, %(pct_change__161)s)]
[parameters: {'low__0': '2535.94', 'close__0': '2577.88', 'amount__0': 10586000000.0, 'volume__0': 1510000000.0, 'datetime__0': datetime.datetime(2024, 4, 17, 8, 0, tzinfo=datetime.timezone(datetime.timedelta(seconds=28800))), 'pct_change__0': '1.89', 'index_code__0': '801010', 'open__0': '2535.98', 'high__0': '2578.74', 'indu_name__0': '农林牧渔', 'low__1': '3147.24', 'close__1': '3241.57', 'amount__1': 42890000000.0, 'volume__1': 4895000000.0, 'datetime__1': datetime.datetime(2024, 4, 17, 8, 0, tzinfo=datetime.timezone(datetime.timedelta(seconds=28800))), 'pct_change__1': '3.57', 'index_code__1': '801030', 'open__1': '3147.51', 'high__1': '3241.74', 'indu_name__1': '基础化工', 'low__2': '2096.50', 'close__2': '2169.09', 'amount__2': 7842000000.0, 'volume__2': 1761000000.0, 'datetime__2': datetime.datetime(2024, 4, 17, 8, 0, tzinfo=datetime.timezone(datetime.timedelta(seconds=28800))), 'pct_change__2': '3.57', 'index_code__2': '801040', 'open__2': '2096.50', 'high__2': '2169.09', 'indu_name__2': '钢铁', 'low__3': '4648.35', 'close__3': '4773.06', 'amount__3': 51851000000.0, 'volume__3': 5349000000.0, 'datetime__3': datetime.datetime(2024, 4, 17, 8, 0, tzinfo=datetime.timezone(datetime.timedelta(seconds=28800))), 'pct_change__3': '2.78', 'index_code__3': '801050', 'open__3': '4648.35', 'high__3': '4773.06', 'indu_name__3': '有色金属', 'low__4': '3083.37', 'close__4': '3197.30', 'amount__4': 98693000000.0, 'volume__4': 6548999999.999999, 'datetime__4': datetime.datetime(2024, 4, 17, 8, 0, tzinfo=datetime.timezone(datetime.timedelta(seconds=28800))), 'pct_change__4': '4.76', 'index_code__4': '801080', 'open__4': '3083.64', 'high__4': '3197.30', 'indu_name__4': '电子' ... 1520 parameters truncated ... 'low__157': '2689.78', 'close__157': '2751.23', 'amount__157': 4072000000.0, 'volume__157': 430999999.99999994, 'datetime__157': datetime.datetime(2024, 4, 17, 8, 0, tzinfo=datetime.timezone(datetime.timedelta(seconds=28800))), 'pct_change__157': '1.77', 'index_code__157': '801991', 'open__157': '2702.11', 'high__157': '2760.45', 'indu_name__157': '航空机场', 'low__158': '2626.01', 'close__158': '2716.68', 'amount__158': 6303000000.0, 'volume__158': 1144000000.0, 'datetime__158': datetime.datetime(2024, 4, 17, 8, 0, tzinfo=datetime.timezone(datetime.timedelta(seconds=28800))), 'pct_change__158': '2.57', 'index_code__158': '801992', 'open__158': '2643.48', 'high__158': '2723.06', 'indu_name__158': '航运港口', 'low__159': '2173.96', 'close__159': '2266.73', 'amount__159': 5747000000.0, 'volume__159': 513000000.0, 'datetime__159': datetime.datetime(2024, 4, 17, 8, 0, tzinfo=datetime.timezone(datetime.timedelta(seconds=28800))), 'pct_change__159': '2.79', 'index_code__159': '801993', 'open__159': '2191.02', 'high__159': '2316.54', 'indu_name__159': '旅游及景区', 'low__160': '1675.84', 'close__160': '1801.79', 'amount__160': 1812000000.0, 'volume__160': 434999999.99999994, 'datetime__160': datetime.datetime(2024, 4, 17, 8, 0, tzinfo=datetime.timezone(datetime.timedelta(seconds=28800))), 'pct_change__160': '8.17', 'index_code__160': '801994', 'open__160': '1681.72', 'high__160': '1810.11', 'indu_name__160': '教育', 'low__161': '882.35', 'close__161': '915.34', 'amount__161': 1584000000.0, 'volume__161': 303000000.0, 'datetime__161': datetime.datetime(2024, 4, 17, 8, 0, tzinfo=datetime.timezone(datetime.timedelta(seconds=28800))), 'pct_change__161': '4.63', 'index_code__161': '801995', 'open__161': '883.24', 'high__161': '919.90', 'indu_name__161': '电视广播Ⅱ'}]
(Background on this error at: https://sqlalche.me/e/20/f405)
[DAILY] sw_indu_cons:not enough arguments for format string
[DAILY] sw_indu_cons:Expecting value: line 1 column 1 (char 0)
[DAILY] sw_indu_cons:('Connection aborted.', RemoteDisconnected('Remote end closed connection without response'))
2024-04-18 start update
沪深A股| 1d | Price Data | 20240418-20240418 | Download Begin
沪深A股| 1d | Price Data | 20240418-20240418 | Download End, Cost Time =0:01:07.951502 
沪深A股| 1m | Price Data | 20240418-20240418 | Download Begin
Error download history Price Data for 688109.SH!,func:supplyHistoryData, error:{ "error" : { "ErrorID" : 300000, "ErrorMsg" : "未知错误" } }
Error download history Price Data for 600517.SH!,func:supplyHistoryData, error:{ "error" : { "ErrorID" : 300000, "ErrorMsg" : "未知错误" } }
Error download history Price Data for 603019.SH!,func:supplyHistoryData, error:{ "error" : { "ErrorID" : 300000, "ErrorMsg" : "未知错误" } }
Error download history Price Data for 601225.SH!,func:supplyHistoryData, error:{ "error" : { "ErrorID" : 300000, "ErrorMsg" : "未知错误" } }
Error download history Price Data for 600824.SH!,func:supplyHistoryData, error:{ "error" : { "ErrorID" : 300000, "ErrorMsg" : "未知错误" } }
Error download history Price Data for 600622.SH!,func:supplyHistoryData, error:{ "error" : { "ErrorID" : 300000, "ErrorMsg" : "未知错误" } }
Error download history Price Data for 600714.SH!,func:supplyHistoryData, error:{ "error" : { "ErrorID" : 300000, "ErrorMsg" : "未知错误" } }
Error download history Price Data for 603380.SH!,func:supplyHistoryData, error:{ "error" : { "ErrorID" : 300000, "ErrorMsg" : "未知错误" } }
Error download history Price Data for 603729.SH!,func:supplyHistoryData, error:{ "error" : { "ErrorID" : 300000, "ErrorMsg" : "未知错误" } }
Error download history Price Data for 601908.SH!,func:supplyHistoryData, error:{ "error" : { "ErrorID" : 300000, "ErrorMsg" : "未知错误" } }
Error download history Price Data for 600446.SH!,func:supplyHistoryData, error:{ "error" : { "ErrorID" : 300000, "ErrorMsg" : "未知错误" } }
Error download history Price Data for 688084.SH!,func:supplyHistoryData, error:{ "error" : { "ErrorID" : 300000, "ErrorMsg" : "未知错误" } }
Error download history Price Data for 600738.SH!,func:supplyHistoryData, error:{ "error" : { "ErrorID" : 300000, "ErrorMsg" : "未知错误" } }
Error download history Price Data for 603861.SH!,func:supplyHistoryData, error:{ "error" : { "ErrorID" : 300000, "ErrorMsg" : "未知错误" } }
Error download history Price Data for 603707.SH!,func:supplyHistoryData, error:{ "error" : { "ErrorID" : 300000, "ErrorMsg" : "未知错误" } }
Error download history Price Data for 600094.SH!,func:supplyHistoryData, error:{ "error" : { "ErrorID" : 300000, "ErrorMsg" : "未知错误" } }
Error download history Price Data for 688403.SH!,func:supplyHistoryData, error:{ "error" : { "ErrorID" : 300000, "ErrorMsg" : "未知错误" } }
Error download history Price Data for 600960.SH!,func:supplyHistoryData, error:{ "error" : { "ErrorID" : 300000, "ErrorMsg" : "未知错误" } }
Error download history Price Data for 688126.SH!,func:supplyHistoryData, error:{ "error" : { "ErrorID" : 300000, "ErrorMsg" : "未知错误" } }
Error download history Price Data for 600418.SH!,func:supplyHistoryData, error:{ "error" : { "ErrorID" : 300000, "ErrorMsg" : "未知错误" } }
Error download history Price Data for 688212.SH!,func:supplyHistoryData, error:{ "error" : { "ErrorID" : 300000, "ErrorMsg" : "未知错误" } }
Error download history Price Data for 601838.SH!,func:supplyHistoryData, error:{ "error" : { "ErrorID" : 300000, "ErrorMsg" : "未知错误" } }
Error download history Price Data for 603518.SH!,func:supplyHistoryData, error:{ "error" : { "ErrorID" : 300000, "ErrorMsg" : "未知错误" } }
Error download history Price Data for 603085.SH!,func:supplyHistoryData, error:{ "error" : { "ErrorID" : 300000, "ErrorMsg" : "未知错误" } }
Error download history Price Data for 603368.SH!,func:supplyHistoryData, error:{ "error" : { "ErrorID" : 300000, "ErrorMsg" : "未知错误" } }
Error download history Price Data for 603339.SH!,func:supplyHistoryData, error:{ "error" : { "ErrorID" : 300000, "ErrorMsg" : "未知错误" } }
Error download history Price Data for 688188.SH!,func:supplyHistoryData, error:{ "error" : { "ErrorID" : 300000, "ErrorMsg" : "未知错误" } }
Error download history Price Data for 603032.SH!,func:supplyHistoryData, error:{ "error" : { "ErrorID" : 300000, "ErrorMsg" : "未知错误" } }
Error download history Price Data for 601339.SH!,func:supplyHistoryData, error:{ "error" : { "ErrorID" : 300000, "ErrorMsg" : "未知错误" } }
Error download history Price Data for 603977.SH!,func:supplyHistoryData, error:{ "error" : { "ErrorID" : 300000, "ErrorMsg" : "未知错误" } }
Error download history Price Data for 603878.SH!,func:supplyHistoryData, error:{ "error" : { "ErrorID" : 300000, "ErrorMsg" : "未知错误" } }
Error download history Price Data for 600569.SH!,func:supplyHistoryData, error:{ "error" : { "ErrorID" : 300000, "ErrorMsg" : "未知错误" } }
Error download history Price Data for 600868.SH!,func:supplyHistoryData, error:{ "error" : { "ErrorID" : 300000, "ErrorMsg" : "未知错误" } }
Error download history Price Data for 002880.SZ!,func:supplyHistoryData, error:{ "error" : { "ErrorID" : 300000, "ErrorMsg" : "未知错误" } }
沪深A股| 1m | Price Data | 20240418-20240418 | Download End, Cost Time =0:30:43.754803 
沪深A股| Financial Data | 20240418-20240418 | Download Begin
沪深A股 | Financial Data | 20240418-20240418 | Download End: Cost Time =0:08:45.891863 
[DAILY] successfully insert ashare_1min,20240418,cost: 0:04:57.686045
[ERROR] Failed to fetch data for ticker 689009.SH on date 20240418: No value to decode
[ERROR] Failed to fetch data for ticker 002089.SZ on date 20240418: No value to decode
[DAILY] successfully inserted ashare_eod_prices, 20240418,cost: 0:25:56.647145, lens= 5116
[DAILY] ashare_balance 20240418-20240418:未更新
[DAILY] ashare_cashflow:20240418-20240418 :未更新
[DAILY] ashare_income: 20240418-20240418 未更新
[DAILY] successfully insert ashare_capital,20240418-20240418 ,cost: 0:00:04.408754,lens=11
[DAILY]successfully insert index_eod_prices,2024-04-18-2024-04-18,cost time = 0:00:05.820180,lens=10
[DAILY] index_weight: 20240418 - 20240418 no data!
概念板块成分股数据无更新！  2024-04-18 - 2024-04-18
[Error] 第0次尝试, 首发新股 未获取到行情数据,进行下一次尝试...
[Error] 第1次尝试, 首发新股 未获取到行情数据,进行下一次尝试...
[Error] 第2次尝试, 首发新股 未获取到行情数据,进行下一次尝试...
[Error] 第3次尝试, 首发新股 未获取到行情数据,进行下一次尝试...
[Error] 第4次尝试, 首发新股 未获取到行情数据,进行下一次尝试...
[Error] 第5次尝试, 首发新股 未获取到行情数据,进行下一次尝试...
[Error] 第6次尝试, 首发新股 未获取到行情数据,进行下一次尝试...
[Error] 第7次尝试, 首发新股 未获取到行情数据,进行下一次尝试...
[Error] 第8次尝试, 首发新股 未获取到行情数据,进行下一次尝试...
[Error] 第9次尝试, 首发新股 未获取到行情数据,进行下一次尝试...
[Error] 首发新股 未获取到行情数据
[DAILY] successfully inserted sector_eod_prices 2024-04-18-2024-04-18 data,cost: 0:41:10.006308,len=397
[DAILY] sw_indu_cons:('Connection aborted.', RemoteDisconnected('Remote end closed connection without response'))
[DAILY] sw_indu_eod_prices:'volume'
[DAILY] Successfully insert  ashare_st,20240418 ,cost: 0:00:00.093986,lens=114
[DAILY]ashare_new_issue :2024-04-18 to 2024-04-18 未更新
2024-04-18 update done!,cost time:1:59:52.617673
[DAILY] sw_indu_eod_prices:object of type 'NoneType' has no len()
[DAILY] sw_indu_cons:('Connection aborted.', RemoteDisconnected('Remote end closed connection without response'))
[DAILY] sw_indu_cons:list index out of range
[DAILY] successfully insert sw_indu_eod_prices,2024-04-18-2024-04-18,cost time: 0:00:00.513496,lens=162
[DAILY] sw_indu_cons:Expecting value: line 1 column 1 (char 0)
[DAILY] sw_indu_cons:('Connection aborted.', RemoteDisconnected('Remote end closed connection without response'))
[DAILY] sw_indu_cons:('Connection aborted.', RemoteDisconnected('Remote end closed connection without response'))
[DAILY] sw_indu_cons:('Connection aborted.', RemoteDisconnected('Remote end closed connection without response'))
[DAILY] sw_indu_cons:('Connection aborted.', RemoteDisconnected('Remote end closed connection without response'))
[DAILY] sw_indu_cons:('Connection aborted.', RemoteDisconnected('Remote end closed connection without response'))
